Build started 10/8/2015 4:50:10 PM.
     1>Project "C:\Users\Chad\Documents\Source\GitHub\siir\CSCI212\Lab 7.2\Project.vcxproj" on node 2 (Build target(s)).
     1>_MASM:
         Assembling lab.7.2.asm...
         cmd.exe /C "C:\Users\Chad\AppData\Local\Temp\tmpdde2f371bff648bfb1d74362a327f399.cmd"
         ml.exe /c /nologo /Sg /WX /Zi /Fo"Debug\lab.7.2.obj" /Fl"AssemblyLab.lst" /I "c:\Users\Chad\Documents\Google Drive\School\CSCI212\Irvine" /W3 /errorReport:prompt  /Talab.7.2.asm
     1>lab.7.2.asm(66): error A2070: invalid instruction operands
     1>lab.7.2.asm(76): error A2008: syntax error : LOOP1
     1>lab.7.2.asm(77): error A2070: invalid instruction operands
     1>lab.7.2.asm(80): error A2006: undefined symbol : LOOP1
     1>C:\Program Files (x86)\MSBuild\Microsoft.Cpp\v4.0\V120\BuildCustomizations\masm.targets(50,5): error MSB3721: The command "ml.exe /c /nologo /Sg /WX /Zi /Fo"Debug\lab.7.2.obj" /Fl"AssemblyLab.lst" /I "c:\Users\Chad\Documents\Google Drive\School\CSCI212\Irvine" /W3 /errorReport:prompt  /Talab.7.2.asm" exited with code 1.
     1>Done Building Project "C:\Users\Chad\Documents\Source\GitHub\siir\CSCI212\Lab 7.2\Project.vcxproj" (Build target(s)) -- FAILED.

Build FAILED.

Time Elapsed 00:00:00.41
